<?xml version="1.0" encoding="UTF-8"?>
<!-- Generated by org.testng.reporters.JUnitReportReporter -->
<testsuite skipped="0" hostname="Neses-MBP.home" name="com.verizon.tests.VerizonMainTest" tests="2" failures="0" timestamp="10 Mar 2020 21:38:17 GMT" time="16.624" errors="0">
  <testcase name="getTitle" time="8.410" classname="com.verizon.tests.VerizonMainTest"/>
  <testcase name="SmartPhoneClick" time="8.214" classname="com.verizon.tests.VerizonMainTest"/>
</testsuite> <!-- com.verizon.tests.VerizonMainTest -->
