<?xml version="1.0" encoding="UTF-8"?>
<!-- Generated by org.testng.reporters.JUnitReportReporter -->
<testsuite skipped="0" hostname="Neses-MBP.home" name="com.verizon.tests.SmartPhonesTest" tests="2" failures="0" timestamp="10 Mar 2020 21:09:01 GMT" time="27.203" errors="0">
  <testcase name="getTitle" time="12.886" classname="com.verizon.tests.SmartPhonesTest"/>
  <testcase name="selectIphone11" time="14.317" classname="com.verizon.tests.SmartPhonesTest"/>
</testsuite> <!-- com.verizon.tests.SmartPhonesTest -->
